<?xml version="1.0" encoding="UTF-8"?>
<!-- Generated by org.testng.reporters.JUnitXMLReporter -->
<testsuite ignored="0" hostname="VenkatM3IN" failures="0" tests="1" name="Default test(failed)" time="0.044" errors="0" timestamp="2021-11-29T09:30:43 IST">
  <testcase classname="com.inetBankingV1.testcases.BaseClass" name="@BeforeClass SetUp" time="-1.638158443164E9">
    <failure type="org.testng.TestNGException" message="
Parameter &amp;apos;browser&amp;apos; is required by BeforeClass on method SetUp but has not been marked @Optional or defined
in C:\Users\venkatm\eclipse-workspace\inetBankingV1\test-output\testng-failed.xml">
      <![CDATA[org.testng.TestNGException: 
Parameter 'browser' is required by BeforeClass on method SetUp but has not been marked @Optional or defined
in C:\Users\venkatm\eclipse-workspace\inetBankingV1\test-output\testng-failed.xml
at java.base/java.util.ArrayList.forEach(ArrayList.java:1511)
... Removed 22 stack frames]]>
    </failure>
  </testcase> <!-- @BeforeClass SetUp -->
  <testcase classname="com.inetBankingV1.testcases.BaseClass" name="@AfterClass TearDown" time="-1.638158443189E9">
    <skipped/>
  </testcase> <!-- @AfterClass TearDown -->
  <testcase classname="com.inetBankingV1.testcases.TC_LoginTest_001" name="Login" time="0.0">
    <skipped/>
  </testcase> <!-- Login -->
</testsuite> <!-- Default test(failed) -->
